<?xml version="1.0" encoding="UTF-8"?>
<!-- Generated by org.testng.reporters.JUnitXMLReporter -->
<testsuite ignored="0" hostname="DESKTOP-B98V00F" failures="0" tests="5" name="Test" time="53.838" errors="0" timestamp="2021-02-09T07:34:28 GMT-08:00">
  <testcase classname="tests.FourTest" name="testFour" time="0.037"/>
  <testcase classname="tests.TwoTest" name="testTwo" time="0.001"/>
  <testcase classname="tests.ThreeTest" name="testThree" time="0.002"/>
  <testcase classname="tests.LoginTest" name="login" time="10.875"/>
  <testcase classname="tests.LoginTest" name="login" time="18.278"/>
</testsuite> <!-- Test -->
