<?xml version="1.0" encoding="UTF-8"?>
<testng-results ignored="0" total="5" passed="5" failed="0" skipped="0">
  <reporter-output>
  </reporter-output>
  <suite started-at="2021-02-09T07:33:34 GMT-08:00" name="Suite" finished-at="2021-02-09T07:34:28 GMT-08:00" duration-ms="53838">
    <groups>
    </groups>
    <test started-at="2021-02-09T07:33:34 GMT-08:00" name="Test" finished-at="2021-02-09T07:34:28 GMT-08:00" duration-ms="53838">
      <class name="tests.LoginTest">
        <test-method is-config="true" signature="openApplication()[pri:0, instance:tests.LoginTest@6b4a4e18]" started-at="2021-02-09T07:33:34 GMT-08:00" name="openApplication" finished-at="2021-02-09T07:33:48 GMT-08:00" duration-ms="13953" status="PASS">
          <reporter-output>
          </reporter-output>
        </test-method> <!-- openApplication -->
        <test-method signature="login(java.lang.String, java.lang.String, java.lang.String)[pri:0, instance:tests.LoginTest@6b4a4e18]" started-at="2021-02-09T07:33:48 GMT-08:00" name="login" data-provider="getLoginData" finished-at="2021-02-09T07:33:59 GMT-08:00" duration-ms="10875" status="PASS">
          <params>
            <param index="0">
              <value>
                <![CDATA[sandysen230@gmail.com]]>
              </value>
            </param>
            <param index="1">
              <value>
                <![CDATA[12345]]>
              </value>
            </param>
            <param index="2">
              <value>
                <![CDATA[Successfull]]>
              </value>
            </param>
          </params>
          <reporter-output>
          </reporter-output>
        </test-method> <!-- login -->
        <test-method is-config="true" signature="closure()[pri:0, instance:tests.LoginTest@6b4a4e18]" started-at="2021-02-09T07:33:59 GMT-08:00" name="closure" finished-at="2021-02-09T07:33:59 GMT-08:00" duration-ms="326" status="PASS">
          <reporter-output>
          </reporter-output>
        </test-method> <!-- closure -->
        <test-method is-config="true" signature="openApplication()[pri:0, instance:tests.LoginTest@6b4a4e18]" started-at="2021-02-09T07:33:59 GMT-08:00" name="openApplication" finished-at="2021-02-09T07:34:09 GMT-08:00" duration-ms="9968" status="PASS">
          <reporter-output>
          </reporter-output>
        </test-method> <!-- openApplication -->
        <test-method signature="login(java.lang.String, java.lang.String, java.lang.String)[pri:0, instance:tests.LoginTest@6b4a4e18]" started-at="2021-02-09T07:34:09 GMT-08:00" name="login" data-provider="getLoginData" finished-at="2021-02-09T07:34:28 GMT-08:00" duration-ms="18278" status="PASS">
          <params>
            <param index="0">
              <value>
                <![CDATA[dummy@test.com]]>
              </value>
            </param>
            <param index="1">
              <value>
                <![CDATA[dummy]]>
              </value>
            </param>
            <param index="2">
              <value>
                <![CDATA[Failure]]>
              </value>
            </param>
          </params>
          <reporter-output>
          </reporter-output>
        </test-method> <!-- login -->
        <test-method is-config="true" signature="closure()[pri:0, instance:tests.LoginTest@6b4a4e18]" started-at="2021-02-09T07:34:28 GMT-08:00" name="closure" finished-at="2021-02-09T07:34:28 GMT-08:00" duration-ms="190" status="PASS">
          <reporter-output>
          </reporter-output>
        </test-method> <!-- closure -->
      </class> <!-- tests.LoginTest -->
      <class name="tests.FourTest">
        <test-method signature="testFour()[pri:0, instance:tests.FourTest@10db82ae]" started-at="2021-02-09T07:33:34 GMT-08:00" name="testFour" finished-at="2021-02-09T07:33:34 GMT-08:00" duration-ms="37" status="PASS">
          <reporter-output>
          </reporter-output>
        </test-method> <!-- testFour -->
      </class> <!-- tests.FourTest -->
      <class name="tests.ThreeTest">
        <test-method signature="testThree()[pri:0, instance:tests.ThreeTest@78b729e6]" started-at="2021-02-09T07:33:34 GMT-08:00" name="testThree" finished-at="2021-02-09T07:33:34 GMT-08:00" duration-ms="2" status="PASS">
          <reporter-output>
          </reporter-output>
        </test-method> <!-- testThree -->
      </class> <!-- tests.ThreeTest -->
      <class name="tests.TwoTest">
        <test-method signature="testTwo()[pri:0, instance:tests.TwoTest@501edcf1]" started-at="2021-02-09T07:33:34 GMT-08:00" name="testTwo" finished-at="2021-02-09T07:33:34 GMT-08:00" duration-ms="1" status="PASS">
          <reporter-output>
          </reporter-output>
        </test-method> <!-- testTwo -->
      </class> <!-- tests.TwoTest -->
    </test> <!-- Test -->
  </suite> <!-- Suite -->
</testng-results>
